<?xml version="1.0" encoding="UTF-8"?>
<!-- Generated by org.testng.reporters.JUnitReportReporter -->
<testsuite hostname="DESKTOP-71N1NP1" failures="0" tests="2" name="prarthanaMaven.SeleniumMavenProjects" time="0.021" errors="0" timestamp="23 Jul 2019 13:59:31 GMT" skipped="0">
  <testcase classname="prarthanaMaven.SeleniumMavenProjects" name="DisplayTwo" time="0.003"/>
  <testcase classname="prarthanaMaven.SeleniumMavenProjects" name="DisplayOne" time="0.018"/>
</testsuite> <!-- prarthanaMaven.SeleniumMavenProjects -->
