<?xml version="1.0" encoding="UTF-8"?>
<!-- Generated by org.testng.reporters.JUnitReportReporter -->
<testsuite hostname="DESKTOP-71N1NP1" failures="0" tests="1" name="prarthanaMaven.MavenTest" time="0.026" errors="0" timestamp="27 Jul 2019 21:12:12 GMT" skipped="0">
  <testcase classname="prarthanaMaven.MavenTest" name="DisplayTwo" time="0.026"/>
</testsuite> <!-- prarthanaMaven.MavenTest -->
