<?xml version="1.0" encoding="UTF-8"?>
<!-- Generated by org.testng.reporters.JUnitReportReporter -->
<testsuite hostname="DESKTOP-71N1NP1" failures="0" tests="1" name="prarthanaMaven.ThirdTest" time="0.000" errors="0" timestamp="27 Jul 2019 22:43:57 GMT">
  <testcase classname="prarthanaMaven.ThirdTest" name="displayfour" time="0.000"/>
</testsuite> <!-- prarthanaMaven.ThirdTest -->
