<?xml version="1.0" encoding="UTF-8"?>
<!-- Generated by org.testng.reporters.JUnitReportReporter -->
<testsuite hostname="DESKTOP-71N1NP1" failures="0" tests="2" name="prarthanaMaven.MavenTest" time="0.005" errors="0" timestamp="27 Jul 2019 22:43:57 GMT">
  <testcase classname="prarthanaMaven.MavenTest" name="DisplayOne" time="0.005"/>
  <testcase classname="prarthanaMaven.MavenTest" name="DisplayTwo" time="0.000"/>
</testsuite> <!-- prarthanaMaven.MavenTest -->
